CRITICAL - 2023-09-14 16:26:44 --> Call to undefined method CodeIgniter\Router\RouteCollection::setAutoRoutes()
in APPPATH\Config\Routes.php on line 5.
 1 SYSTEMPATH\Router\RouteCollection.php(339): require()
 2 SYSTEMPATH\CodeIgniter.php(787): CodeIgniter\Router\RouteCollection->loadRoutes()
 3 SYSTEMPATH\CodeIgniter.php(442): CodeIgniter\CodeIgniter->tryToRouteIt(null)
 4 SYSTEMPATH\CodeIgniter.php(353): CodeIgniter\CodeIgniter->handleRequest(null, Object(Config\Cache), false)
 5 FCPATH\index.php(79): CodeIgniter\CodeIgniter->run()
 6 SYSTEMPATH\Commands\Server\rewrite.php(47): require_once('C:\\xampp\\htdocs\\pembukuan\\public\\index.php')
CRITICAL - 2023-09-14 16:26:54 --> Call to undefined method CodeIgniter\Router\RouteCollection::setAutoRoutes()
in APPPATH\Config\Routes.php on line 5.
 1 SYSTEMPATH\Router\RouteCollection.php(339): require()
 2 SYSTEMPATH\CodeIgniter.php(787): CodeIgniter\Router\RouteCollection->loadRoutes()
 3 SYSTEMPATH\CodeIgniter.php(442): CodeIgniter\CodeIgniter->tryToRouteIt(null)
 4 SYSTEMPATH\CodeIgniter.php(353): CodeIgniter\CodeIgniter->handleRequest(null, Object(Config\Cache), false)
 5 FCPATH\index.php(79): CodeIgniter\CodeIgniter->run()
 6 SYSTEMPATH\Commands\Server\rewrite.php(47): require_once('C:\\xampp\\htdocs\\pembukuan\\public\\index.php')
CRITICAL - 2023-09-14 16:27:11 --> Call to undefined method CodeIgniter\Router\RouteCollection::setAutoRoutes()
in APPPATH\Config\Routes.php on line 5.
 1 SYSTEMPATH\Router\RouteCollection.php(339): require()
 2 SYSTEMPATH\CodeIgniter.php(787): CodeIgniter\Router\RouteCollection->loadRoutes()
 3 SYSTEMPATH\CodeIgniter.php(442): CodeIgniter\CodeIgniter->tryToRouteIt(null)
 4 SYSTEMPATH\CodeIgniter.php(353): CodeIgniter\CodeIgniter->handleRequest(null, Object(Config\Cache), false)
 5 FCPATH\index.php(79): CodeIgniter\CodeIgniter->run()
 6 SYSTEMPATH\Commands\Server\rewrite.php(47): require_once('C:\\xampp\\htdocs\\pembukuan\\public\\index.php')
CRITICAL - 2023-09-14 16:27:55 --> Call to undefined method CodeIgniter\Router\RouteCollection::setAutoRoutes()
in APPPATH\Config\Routes.php on line 5.
 1 SYSTEMPATH\Router\RouteCollection.php(339): require()
 2 SYSTEMPATH\CodeIgniter.php(787): CodeIgniter\Router\RouteCollection->loadRoutes()
 3 SYSTEMPATH\CodeIgniter.php(442): CodeIgniter\CodeIgniter->tryToRouteIt(null)
 4 SYSTEMPATH\CodeIgniter.php(353): CodeIgniter\CodeIgniter->handleRequest(null, Object(Config\Cache), false)
 5 FCPATH\index.php(79): CodeIgniter\CodeIgniter->run()
 6 SYSTEMPATH\Commands\Server\rewrite.php(47): require_once('C:\\xampp\\htdocs\\pembukuan\\public\\index.php')
CRITICAL - 2023-09-14 17:02:02 --> Undefined variable $title
in APPPATH\Views\layouts\template.php on line 8.
 1 APPPATH\Views\layouts\template.php(8): CodeIgniter\Debug\Exceptions->errorHandler(2, 'Undefined variable $title', 'C:\\xampp\\htdocs\\pembukuan\\app\\Views\\layouts\\template.php', 8)
 2 SYSTEMPATH\View\View.php(226): include('C:\\xampp\\htdocs\\pembukuan\\app\\Views\\layouts\\template.php')
 3 SYSTEMPATH\View\View.php(229): CodeIgniter\View\View->CodeIgniter\View\{closure}()
 4 SYSTEMPATH\View\View.php(242): CodeIgniter\View\View->render('layouts/template', [], true)
 5 SYSTEMPATH\Common.php(1188): CodeIgniter\View\View->render('pendapatan/input_p', [], true)
 6 APPPATH\Controllers\pendapatan.php(9): view('pendapatan/input_p')
 7 SYSTEMPATH\CodeIgniter.php(919): App\Controllers\pendapatan->index()
 8 SYSTEMPATH\CodeIgniter.php(494): CodeIgniter\CodeIgniter->runController(Object(App\Controllers\pendapatan))
 9 SYSTEMPATH\CodeIgniter.php(353): CodeIgniter\CodeIgniter->handleRequest(null, Object(Config\Cache), false)
10 FCPATH\index.php(79): CodeIgniter\CodeIgniter->run()
11 SYSTEMPATH\Commands\Server\rewrite.php(47): require_once('C:\\xampp\\htdocs\\pembukuan\\public\\index.php')
CRITICAL - 2023-09-14 17:16:06 --> Undefined property: CodeIgniter\View\View::$date
in APPPATH\Views\pendapatan\input_p.php on line 168.
 1 APPPATH\Views\pendapatan\input_p.php(168): CodeIgniter\Debug\Exceptions->errorHandler(2, 'Undefined property: CodeIgniter\\View\\View::$date', 'C:\\xampp\\htdocs\\pembukuan\\app\\Views\\pendapatan\\input_p.php', 168)
 2 SYSTEMPATH\View\View.php(226): include('C:\\xampp\\htdocs\\pembukuan\\app\\Views\\pendapatan\\input_p.php')
 3 SYSTEMPATH\View\View.php(229): CodeIgniter\View\View->CodeIgniter\View\{closure}()
 4 SYSTEMPATH\Common.php(1188): CodeIgniter\View\View->render('pendapatan/input_p', [], true)
 5 APPPATH\Controllers\pendapatan.php(10): view('pendapatan/input_p', [...])
 6 SYSTEMPATH\CodeIgniter.php(919): App\Controllers\pendapatan->index()
 7 SYSTEMPATH\CodeIgniter.php(494): CodeIgniter\CodeIgniter->runController(Object(App\Controllers\pendapatan))
 8 SYSTEMPATH\CodeIgniter.php(353): CodeIgniter\CodeIgniter->handleRequest(null, Object(Config\Cache), false)
 9 FCPATH\index.php(79): CodeIgniter\CodeIgniter->run()
10 SYSTEMPATH\Commands\Server\rewrite.php(47): require_once('C:\\xampp\\htdocs\\pembukuan\\public\\index.php')
