CRITICAL - 2023-09-15 06:51:11 --> Undefined property: App\Controllers\pendapatan::$load
in APPPATH\Controllers\pendapatan.php on line 9.
 1 APPPATH\Controllers\pendapatan.php(9): CodeIgniter\Debug\Exceptions->errorHandler(2, 'Undefined property: App\\Controllers\\pendapatan::$load', 'C:\\xampp\\htdocs\\pembukuan\\app\\Controllers\\pendapatan.php', 9)
 2 SYSTEMPATH\CodeIgniter.php(891): App\Controllers\pendapatan->__construct()
 3 SYSTEMPATH\CodeIgniter.php(485): CodeIgniter\CodeIgniter->createController()
 4 SYSTEMPATH\CodeIgniter.php(353): CodeIgniter\CodeIgniter->handleRequest(null, Object(Config\Cache), false)
 5 FCPATH\index.php(79): CodeIgniter\CodeIgniter->run()
 6 SYSTEMPATH\Commands\Server\rewrite.php(47): require_once('C:\\xampp\\htdocs\\pembukuan\\public\\index.php')
CRITICAL - 2023-09-15 06:52:08 --> Undefined property: App\Controllers\pendapatan::$load
in APPPATH\Controllers\pendapatan.php on line 9.
 1 APPPATH\Controllers\pendapatan.php(9): CodeIgniter\Debug\Exceptions->errorHandler(2, 'Undefined property: App\\Controllers\\pendapatan::$load', 'C:\\xampp\\htdocs\\pembukuan\\app\\Controllers\\pendapatan.php', 9)
 2 SYSTEMPATH\CodeIgniter.php(891): App\Controllers\pendapatan->__construct()
 3 SYSTEMPATH\CodeIgniter.php(485): CodeIgniter\CodeIgniter->createController()
 4 SYSTEMPATH\CodeIgniter.php(353): CodeIgniter\CodeIgniter->handleRequest(null, Object(Config\Cache), false)
 5 FCPATH\index.php(79): CodeIgniter\CodeIgniter->run()
 6 SYSTEMPATH\Commands\Server\rewrite.php(47): require_once('C:\\xampp\\htdocs\\pembukuan\\public\\index.php')
CRITICAL - 2023-09-15 09:54:22 --> Undefined variable $base_url
in APPPATH\Views\pendapatan\input_p.php on line 173.
 1 APPPATH\Views\pendapatan\input_p.php(173): CodeIgniter\Debug\Exceptions->errorHandler(2, 'Undefined variable $base_url', 'C:\\xampp\\htdocs\\pembukuan\\app\\Views\\pendapatan\\input_p.php', 173)
 2 SYSTEMPATH\View\View.php(226): include('C:\\xampp\\htdocs\\pembukuan\\app\\Views\\pendapatan\\input_p.php')
 3 SYSTEMPATH\View\View.php(229): CodeIgniter\View\View->CodeIgniter\View\{closure}()
 4 SYSTEMPATH\Common.php(1188): CodeIgniter\View\View->render('pendapatan/input_p', [], true)
 5 APPPATH\Controllers\pendapatan.php(15): view('pendapatan/input_p', [...])
 6 SYSTEMPATH\CodeIgniter.php(919): App\Controllers\pendapatan->input()
 7 SYSTEMPATH\CodeIgniter.php(494): CodeIgniter\CodeIgniter->runController(Object(App\Controllers\pendapatan))
 8 SYSTEMPATH\CodeIgniter.php(353): CodeIgniter\CodeIgniter->handleRequest(null, Object(Config\Cache), false)
 9 FCPATH\index.php(79): CodeIgniter\CodeIgniter->run()
10 SYSTEMPATH\Commands\Server\rewrite.php(47): require_once('C:\\xampp\\htdocs\\pembukuan\\public\\index.php')
CRITICAL - 2023-09-15 09:54:37 --> Undefined variable $base_url
in APPPATH\Views\pendapatan\input_p.php on line 173.
 1 APPPATH\Views\pendapatan\input_p.php(173): CodeIgniter\Debug\Exceptions->errorHandler(2, 'Undefined variable $base_url', 'C:\\xampp\\htdocs\\pembukuan\\app\\Views\\pendapatan\\input_p.php', 173)
 2 SYSTEMPATH\View\View.php(226): include('C:\\xampp\\htdocs\\pembukuan\\app\\Views\\pendapatan\\input_p.php')
 3 SYSTEMPATH\View\View.php(229): CodeIgniter\View\View->CodeIgniter\View\{closure}()
 4 SYSTEMPATH\Common.php(1188): CodeIgniter\View\View->render('pendapatan/input_p', [], true)
 5 APPPATH\Controllers\pendapatan.php(15): view('pendapatan/input_p', [...])
 6 SYSTEMPATH\CodeIgniter.php(919): App\Controllers\pendapatan->input()
 7 SYSTEMPATH\CodeIgniter.php(494): CodeIgniter\CodeIgniter->runController(Object(App\Controllers\pendapatan))
 8 SYSTEMPATH\CodeIgniter.php(353): CodeIgniter\CodeIgniter->handleRequest(null, Object(Config\Cache), false)
 9 FCPATH\index.php(79): CodeIgniter\CodeIgniter->run()
10 SYSTEMPATH\Commands\Server\rewrite.php(47): require_once('C:\\xampp\\htdocs\\pembukuan\\public\\index.php')
CRITICAL - 2023-09-15 09:54:57 --> Undefined variable $base_url
in APPPATH\Views\pendapatan\input_p.php on line 173.
 1 APPPATH\Views\pendapatan\input_p.php(173): CodeIgniter\Debug\Exceptions->errorHandler(2, 'Undefined variable $base_url', 'C:\\xampp\\htdocs\\pembukuan\\app\\Views\\pendapatan\\input_p.php', 173)
 2 SYSTEMPATH\View\View.php(226): include('C:\\xampp\\htdocs\\pembukuan\\app\\Views\\pendapatan\\input_p.php')
 3 SYSTEMPATH\View\View.php(229): CodeIgniter\View\View->CodeIgniter\View\{closure}()
 4 SYSTEMPATH\Common.php(1188): CodeIgniter\View\View->render('pendapatan/input_p', [], true)
 5 APPPATH\Controllers\pendapatan.php(15): view('pendapatan/input_p', [...])
 6 SYSTEMPATH\CodeIgniter.php(919): App\Controllers\pendapatan->input()
 7 SYSTEMPATH\CodeIgniter.php(494): CodeIgniter\CodeIgniter->runController(Object(App\Controllers\pendapatan))
 8 SYSTEMPATH\CodeIgniter.php(353): CodeIgniter\CodeIgniter->handleRequest(null, Object(Config\Cache), false)
 9 FCPATH\index.php(79): CodeIgniter\CodeIgniter->run()
10 SYSTEMPATH\Commands\Server\rewrite.php(47): require_once('C:\\xampp\\htdocs\\pembukuan\\public\\index.php')
CRITICAL - 2023-09-15 09:55:20 --> Undefined variable $base_url
in APPPATH\Views\pendapatan\input_p.php on line 173.
 1 APPPATH\Views\pendapatan\input_p.php(173): CodeIgniter\Debug\Exceptions->errorHandler(2, 'Undefined variable $base_url', 'C:\\xampp\\htdocs\\pembukuan\\app\\Views\\pendapatan\\input_p.php', 173)
 2 SYSTEMPATH\View\View.php(226): include('C:\\xampp\\htdocs\\pembukuan\\app\\Views\\pendapatan\\input_p.php')
 3 SYSTEMPATH\View\View.php(229): CodeIgniter\View\View->CodeIgniter\View\{closure}()
 4 SYSTEMPATH\Common.php(1188): CodeIgniter\View\View->render('pendapatan/input_p', [], true)
 5 APPPATH\Controllers\pendapatan.php(15): view('pendapatan/input_p', [...])
 6 SYSTEMPATH\CodeIgniter.php(919): App\Controllers\pendapatan->input()
 7 SYSTEMPATH\CodeIgniter.php(494): CodeIgniter\CodeIgniter->runController(Object(App\Controllers\pendapatan))
 8 SYSTEMPATH\CodeIgniter.php(353): CodeIgniter\CodeIgniter->handleRequest(null, Object(Config\Cache), false)
 9 FCPATH\index.php(79): CodeIgniter\CodeIgniter->run()
10 SYSTEMPATH\Commands\Server\rewrite.php(47): require_once('C:\\xampp\\htdocs\\pembukuan\\public\\index.php')
CRITICAL - 2023-09-15 09:55:28 --> Undefined variable $base_url
in APPPATH\Views\pendapatan\input_p.php on line 173.
 1 APPPATH\Views\pendapatan\input_p.php(173): CodeIgniter\Debug\Exceptions->errorHandler(2, 'Undefined variable $base_url', 'C:\\xampp\\htdocs\\pembukuan\\app\\Views\\pendapatan\\input_p.php', 173)
 2 SYSTEMPATH\View\View.php(226): include('C:\\xampp\\htdocs\\pembukuan\\app\\Views\\pendapatan\\input_p.php')
 3 SYSTEMPATH\View\View.php(229): CodeIgniter\View\View->CodeIgniter\View\{closure}()
 4 SYSTEMPATH\Common.php(1188): CodeIgniter\View\View->render('pendapatan/input_p', [], true)
 5 APPPATH\Controllers\pendapatan.php(15): view('pendapatan/input_p', [...])
 6 SYSTEMPATH\CodeIgniter.php(919): App\Controllers\pendapatan->input()
 7 SYSTEMPATH\CodeIgniter.php(494): CodeIgniter\CodeIgniter->runController(Object(App\Controllers\pendapatan))
 8 SYSTEMPATH\CodeIgniter.php(353): CodeIgniter\CodeIgniter->handleRequest(null, Object(Config\Cache), false)
 9 FCPATH\index.php(79): CodeIgniter\CodeIgniter->run()
10 SYSTEMPATH\Commands\Server\rewrite.php(47): require_once('C:\\xampp\\htdocs\\pembukuan\\public\\index.php')
CRITICAL - 2023-09-15 09:57:56 --> Undefined variable $base_url
in APPPATH\Views\pendapatan\input_p.php on line 173.
 1 APPPATH\Views\pendapatan\input_p.php(173): CodeIgniter\Debug\Exceptions->errorHandler(2, 'Undefined variable $base_url', 'C:\\xampp\\htdocs\\pembukuan\\app\\Views\\pendapatan\\input_p.php', 173)
 2 SYSTEMPATH\View\View.php(226): include('C:\\xampp\\htdocs\\pembukuan\\app\\Views\\pendapatan\\input_p.php')
 3 SYSTEMPATH\View\View.php(229): CodeIgniter\View\View->CodeIgniter\View\{closure}()
 4 SYSTEMPATH\Common.php(1188): CodeIgniter\View\View->render('pendapatan/input_p', [], true)
 5 APPPATH\Controllers\pendapatan.php(15): view('pendapatan/input_p', [...])
 6 SYSTEMPATH\CodeIgniter.php(919): App\Controllers\pendapatan->input()
 7 SYSTEMPATH\CodeIgniter.php(494): CodeIgniter\CodeIgniter->runController(Object(App\Controllers\pendapatan))
 8 SYSTEMPATH\CodeIgniter.php(353): CodeIgniter\CodeIgniter->handleRequest(null, Object(Config\Cache), false)
 9 FCPATH\index.php(79): CodeIgniter\CodeIgniter->run()
10 SYSTEMPATH\Commands\Server\rewrite.php(47): require_once('C:\\xampp\\htdocs\\pembukuan\\public\\index.php')
CRITICAL - 2023-09-15 09:57:57 --> Undefined variable $base_url
in APPPATH\Views\pendapatan\input_p.php on line 173.
 1 APPPATH\Views\pendapatan\input_p.php(173): CodeIgniter\Debug\Exceptions->errorHandler(2, 'Undefined variable $base_url', 'C:\\xampp\\htdocs\\pembukuan\\app\\Views\\pendapatan\\input_p.php', 173)
 2 SYSTEMPATH\View\View.php(226): include('C:\\xampp\\htdocs\\pembukuan\\app\\Views\\pendapatan\\input_p.php')
 3 SYSTEMPATH\View\View.php(229): CodeIgniter\View\View->CodeIgniter\View\{closure}()
 4 SYSTEMPATH\Common.php(1188): CodeIgniter\View\View->render('pendapatan/input_p', [], true)
 5 APPPATH\Controllers\pendapatan.php(15): view('pendapatan/input_p', [...])
 6 SYSTEMPATH\CodeIgniter.php(919): App\Controllers\pendapatan->input()
 7 SYSTEMPATH\CodeIgniter.php(494): CodeIgniter\CodeIgniter->runController(Object(App\Controllers\pendapatan))
 8 SYSTEMPATH\CodeIgniter.php(353): CodeIgniter\CodeIgniter->handleRequest(null, Object(Config\Cache), false)
 9 FCPATH\index.php(79): CodeIgniter\CodeIgniter->run()
10 SYSTEMPATH\Commands\Server\rewrite.php(47): require_once('C:\\xampp\\htdocs\\pembukuan\\public\\index.php')
CRITICAL - 2023-09-15 09:58:07 --> Undefined variable $base_url
in APPPATH\Views\pendapatan\input_p.php on line 173.
 1 APPPATH\Views\pendapatan\input_p.php(173): CodeIgniter\Debug\Exceptions->errorHandler(2, 'Undefined variable $base_url', 'C:\\xampp\\htdocs\\pembukuan\\app\\Views\\pendapatan\\input_p.php', 173)
 2 SYSTEMPATH\View\View.php(226): include('C:\\xampp\\htdocs\\pembukuan\\app\\Views\\pendapatan\\input_p.php')
 3 SYSTEMPATH\View\View.php(229): CodeIgniter\View\View->CodeIgniter\View\{closure}()
 4 SYSTEMPATH\Common.php(1188): CodeIgniter\View\View->render('pendapatan/input_p', [], true)
 5 APPPATH\Controllers\pendapatan.php(15): view('pendapatan/input_p', [...])
 6 SYSTEMPATH\CodeIgniter.php(919): App\Controllers\pendapatan->input()
 7 SYSTEMPATH\CodeIgniter.php(494): CodeIgniter\CodeIgniter->runController(Object(App\Controllers\pendapatan))
 8 SYSTEMPATH\CodeIgniter.php(353): CodeIgniter\CodeIgniter->handleRequest(null, Object(Config\Cache), false)
 9 FCPATH\index.php(79): CodeIgniter\CodeIgniter->run()
10 SYSTEMPATH\Commands\Server\rewrite.php(47): require_once('C:\\xampp\\htdocs\\pembukuan\\public\\index.php')
CRITICAL - 2023-09-15 09:58:25 --> Undefined variable $base_url
in APPPATH\Views\pendapatan\input_p.php on line 173.
 1 APPPATH\Views\pendapatan\input_p.php(173): CodeIgniter\Debug\Exceptions->errorHandler(2, 'Undefined variable $base_url', 'C:\\xampp\\htdocs\\pembukuan\\app\\Views\\pendapatan\\input_p.php', 173)
 2 SYSTEMPATH\View\View.php(226): include('C:\\xampp\\htdocs\\pembukuan\\app\\Views\\pendapatan\\input_p.php')
 3 SYSTEMPATH\View\View.php(229): CodeIgniter\View\View->CodeIgniter\View\{closure}()
 4 SYSTEMPATH\Common.php(1188): CodeIgniter\View\View->render('pendapatan/input_p', [], true)
 5 APPPATH\Controllers\pendapatan.php(15): view('pendapatan/input_p', [...])
 6 SYSTEMPATH\CodeIgniter.php(919): App\Controllers\pendapatan->input()
 7 SYSTEMPATH\CodeIgniter.php(494): CodeIgniter\CodeIgniter->runController(Object(App\Controllers\pendapatan))
 8 SYSTEMPATH\CodeIgniter.php(353): CodeIgniter\CodeIgniter->handleRequest(null, Object(Config\Cache), false)
 9 FCPATH\index.php(79): CodeIgniter\CodeIgniter->run()
10 SYSTEMPATH\Commands\Server\rewrite.php(47): require_once('C:\\xampp\\htdocs\\pembukuan\\public\\index.php')
